<?xml version="1.0" encoding="UTF-8"?>
<!-- Generated by org.testng.reporters.JUnitXMLReporter -->
<testsuite ignored="4" hostname="WIN-83OHREFUMP7" failures="0" tests="2" name="TC01 Verify Register and Login Successfully" time="20.443" errors="0" timestamp="2024-07-05T20:08:19 EEST">
  <testcase classname="TestCases.TC01_Register" name="CheckSignUpLinkClickable" time="4.56"/>
  <testcase classname="TestCases.TC02_Login" name="loginWithValidData_P" time="2.552"/>
  <testcase classname="TestCases.TestBase" name="@AfterSuite tearDown" time="0.0">
    <ignored/>
  </testcase> <!-- @AfterSuite tearDown -->
  <testcase classname="TestCases.TestBase" name="@AfterTest quit" time="0.0">
    <ignored/>
  </testcase> <!-- @AfterTest quit -->
  <testcase classname="TestCases.TestBase" name="@BeforeSuite defineSuiteElements" time="0.0">
    <ignored/>
  </testcase> <!-- @BeforeSuite defineSuiteElements -->
  <testcase classname="TestCases.TestBase" name="@BeforeTest setupDriver" time="0.0">
    <ignored/>
  </testcase> <!-- @BeforeTest setupDriver -->
</testsuite> <!-- TC01 Verify Register and Login Successfully -->
